<?xml version="1.0" encoding="UTF-8"?>
<testsuite name="ApiResourceTest" tests="1" skipped="0" failures="0" errors="0" timestamp="2020-04-05T16:44:44" hostname="gargantula" time="3.95">
  <properties/>
  <testcase name="testApiEndpoint()" classname="ApiResourceTest" time="3.95"/>
  <system-out><![CDATA[]]></system-out>
  <system-err><![CDATA[kwi 05, 2020 6:44:41 PM org.jboss.threads.Version <clinit>
INFO: JBoss Threads version 3.0.1.Final
kwi 05, 2020 6:44:43 PM org.jboss.threads.Version <clinit>
INFO: JBoss Threads version 3.0.1.Final
kwi 05, 2020 6:44:43 PM io.quarkus.runtime.Timing printStartupTime
INFO: Quarkus 1.3.1.Final started in 3.888s. Listening on: http://0.0.0.0:8081
kwi 05, 2020 6:44:43 PM io.quarkus.runtime.Timing printStartupTime
INFO: Profile test activated. 
kwi 05, 2020 6:44:43 PM io.quarkus.runtime.Timing printStartupTime
INFO: Installed features: [agroal, cdi, jdbc-h2, kotlin, narayana-jta, resteasy, resteasy-jackson]
kwi 05, 2020 6:44:46 PM io.quarkus.agroal.runtime.AgroalEventLoggingListener onInfo
INFO: Datasource '<default>': Initial size smaller than min. Connections will be created when necessary
]]></system-err>
</testsuite>
